<?xml version="1.0" encoding="UTF-8"?>
<!-- Generated by org.testng.reporters.JUnitXMLReporter -->
<testsuite hostname="DELL-PC" name="ff" tests="3" failures="0" timestamp="18 Mar 2017 11:25:34 GMT" time="49.979" errors="0">
  <testcase name="AddtoCart" time="7.083" classname="testScripts.Scenario_Cart"/>
  <testcase name="invalidsearch" time="7.029" classname="testScripts.Scenario_Search"/>
  <testcase name="ValidLogin" time="5.132" classname="testScripts.Scenario_Login"/>
</testsuite> <!-- ff -->
